\BOOKMARK [0][-]{chapter.1}{\376\377\230\171\166\356\173\200\116\313}{}% 1
\BOOKMARK [1][-]{section.1.1}{\376\377\230\171\166\356\176\374\217\360}{chapter.1}% 2
\BOOKMARK [1][-]{section.1.2}{\376\377\230\171\166\356\116\000\211\310}{chapter.1}% 3
\BOOKMARK [1][-]{section.1.3}{\376\377\122\237\200\375\227\000\154\102}{chapter.1}% 4
\BOOKMARK [2][-]{subsection.1.3.1}{\376\377\122\115\172\357\227\000\154\102}{section.1.3}% 5
\BOOKMARK [2][-]{subsection.1.3.2}{\376\377\124\016\172\357\227\000\154\102}{section.1.3}% 6
\BOOKMARK [1][-]{section.1.4}{\376\377\142\200\147\057\200\314\146\157}{chapter.1}% 7
\BOOKMARK [1][-]{section.1.5}{\376\377\142\200\147\057\145\271\150\110\220\011\142\351}{chapter.1}% 8
\BOOKMARK [1][-]{section.1.6}{\376\377\137\000\123\321\135\345\121\167}{chapter.1}% 9
\BOOKMARK [1][-]{section.1.7}{\376\377\176\304\124\130\122\006\135\345}{chapter.1}% 10
\BOOKMARK [2][-]{subsection.1.7.1}{\376\377\122\115\172\357\122\006\135\345}{section.1.7}% 11
\BOOKMARK [2][-]{subsection.1.7.2}{\376\377\122\115\124\016\172\357\133\371\143\245}{section.1.7}% 12
\BOOKMARK [2][-]{subsection.1.7.3}{\376\377\124\016\172\357\122\006\135\345}{section.1.7}% 13
\BOOKMARK [2][-]{subsection.1.7.4}{\376\377\121\166\116\326}{section.1.7}% 14
\BOOKMARK [0][-]{chapter.2}{\376\377\173\241\164\006\174\373\176\337\166\204\213\276\213\241}{}% 15
\BOOKMARK [1][-]{section.2.1}{\376\377\145\160\143\156\136\223\213\276\213\241}{chapter.2}% 16
\BOOKMARK [2][-]{subsection.2.1.1}{\376\377\145\160\143\156\136\223\213\276\213\241\227\000\154\102}{section.2.1}% 17
\BOOKMARK [2][-]{subsection.2.1.2}{\376\377\145\160\143\156\136\223\213\276\213\241\116\016\145\071\202\157}{section.2.1}% 18
\BOOKMARK [1][-]{section.2.2}{\376\377\173\241\164\006\174\373\176\337\140\073\117\123\150\106\147\266\166\204\213\276\213\241}{chapter.2}% 19
\BOOKMARK [1][-]{section.2.3}{\376\377\124\016\172\357\213\276\213\241}{chapter.2}% 20
\BOOKMARK [2][-]{subsection.2.3.1}{\376\377\116\000\211\310}{section.2.3}% 21
\BOOKMARK [2][-]{subsection.2.3.2}{\376\377\000u\000t\000i\000l\000s}{section.2.3}% 22
\BOOKMARK [2][-]{subsection.2.3.3}{\376\377\000m\000o\000d\000e\000l}{section.2.3}% 23
\BOOKMARK [2][-]{subsection.2.3.4}{\376\377\000D\000A\000O}{section.2.3}% 24
\BOOKMARK [3][-]{subsubsection.2.3.4.1}{\376\377\000C\000a\000m\000p\000u\000s\000D\000a\000o}{subsection.2.3.4}% 25
\BOOKMARK [3][-]{subsubsection.2.3.4.2}{\376\377\000C\000l\000a\000s\000s\000D\000a\000o}{subsection.2.3.4}% 26
\BOOKMARK [3][-]{subsubsection.2.3.4.3}{\376\377\000C\000o\000u\000r\000s\000e\000D\000a\000o}{subsection.2.3.4}% 27
\BOOKMARK [3][-]{subsubsection.2.3.4.4}{\376\377\000D\000e\000p\000a\000r\000t\000m\000e\000n\000t\000D\000a\000o}{subsection.2.3.4}% 28
\BOOKMARK [3][-]{subsubsection.2.3.4.5}{\376\377\000P\000e\000r\000s\000o\000n\000D\000a\000o}{subsection.2.3.4}% 29
\BOOKMARK [3][-]{subsubsection.2.3.4.6}{\376\377\000Q\000u\000e\000r\000y\000T\000o\000o\000l\000K\000i\000t\000s\000D\000a\000o}{subsection.2.3.4}% 30
\BOOKMARK [3][-]{subsubsection.2.3.4.7}{\376\377\000S\000e\000l\000e\000c\000t\000i\000o\000n\000D\000a\000o}{subsection.2.3.4}% 31
\BOOKMARK [3][-]{subsubsection.2.3.4.8}{\376\377\000S\000t\000u\000d\000e\000n\000t\000D\000a\000o}{subsection.2.3.4}% 32
\BOOKMARK [3][-]{subsubsection.2.3.4.9}{\376\377\000T\000e\000a\000c\000h\000e\000r\000D\000a\000o}{subsection.2.3.4}% 33
\BOOKMARK [3][-]{subsubsection.2.3.4.10}{\376\377\000T\000r\000a\000n\000s\000a\000c\000t\000i\000o\000n\000D\000a\000o}{subsection.2.3.4}% 34
\BOOKMARK [3][-]{subsubsection.2.3.4.11}{\376\377\000U\000s\000e\000r\000D\000a\000o}{subsection.2.3.4}% 35
\BOOKMARK [0][-]{chapter.3}{\376\377\133\236\163\260\145\110\147\234\134\125\171\072}{}% 36
\BOOKMARK [0][-]{chapter.4}{\376\377\140\073\176\323}{}% 37
